Case #1: one
Case #2: double two
Case #3: triple three
Case #4: quadruple four
Case #5: quintuple five
Case #6: sextuple six
Case #7: septuple seven
Case #8: octuple eight
Case #9: nonuple nine
Case #10: decuple zero
Case #11: one one one one one one one one one one one one one one one one one one one one one one one one one one one one one one one one one one one one one one one one one one one one one one one one one one one one one one one one one one one one one one one one one one one one one one one one one one one one one one one one one one one one one one one one one one one one one one one one one one one one
Case #12: one double one triple one quadruple one quintuple one sextuple one septuple one octuple one nonuple one decuple one one one one one one one one one one one one one one one one one one one one one one one one one one one one one one one one one one one one
Case #13: five seven zero one eight two six eight six zero eight two six seven one zero nine five zero one four two one four three nine two six four zero eight six three seven four one nine seven three zero seven three zero seven eight two zero three four one nine seven zero two five six four three five seven two nine zero six two three six two five eight one eight zero nine two one two six two three five seven zero three one five eight zero eight three four zero seven nine eight nine seven eight two seven
Case #14: zero eight four five three one seven five three seven five three five zero nine eight seven zero eight six seven one five seven four three zero eight four zero eight four one five one six zero four three six four six two five four zero four three one nine one five three five nine three four nine one eight zero nine one nine one three five nine five one six two four one five seven two eight five seven one two six seven six five zero six one nine five one three zero eight two nine seven zero three
Case #15: four eight two nine one three eight nine three two one four seven six seven two three two nine one three nine four five zero one nine five eight zero one three zero six four seven nine one five eight five eight four eight two three seven three six nine zero one nine three zero eight zero nine three zero one five seven zero six eight six four three six eight three eight two three eight two three zero one six two seven three two six eight five zero two seven zero eight six four one four three seven two
Case #16: nine six zero two four zero eight three five one two nine zero three seven nine seven three two three one nine six three one eight three zero seven six four one eight four two one three five one three eight zero four nine seven nine two four five one zero eight four one nine zero three six seven nine four three one seven five six four six one two eight two five seven six nine two three one four two seven eight one seven one nine five nine eight one two zero seven six four five zero seven three
Case #17: six zero two eight five eight five six two four zero nine eight three four three eight two four six five six eight zero five zero nine five zero three seven eight five one six one seven four seven nine three six two zero one two four seven one nine three one nine zero one zero seven three five two one six zero four eight four one four one two nine six nine zero one three zero two three six seven three zero one eight four two seven six seven one nine one four three zero six nine zero eight
Case #18: seven three five three nine one seven five four seven zero eight three five three eight four six five six four seven four six zero one three five one three four six eight seven eight one six five seven three five seven eight two zero six eight four five four one nine one seven one four zero eight seven three two four three one two seven four two four zero six four six five two nine four one zero one four two seven six three nine eight zero six seven six zero one zero nine five eight four zero one
Case #19: eight seven eight nine three four five three six five nine one two six zero six seven six three zero one eight nine zero five one four six two five two one eight six eight six one four one zero five nine seven four eight three nine zero three one nine four three six nine four zero two zero two five zero three eight four zero two four seven five one five zero one six four five zero nine three eight seven eight two seven three eight zero three eight seven three zero four three eight one eight one seven
Case #20: eight zero seven nine three five eight zero six two zero nine zero four zero four nine one zero two one two four eight three nine one nine three eight nine six nine two one three four three seven zero three nine four three four seven five eight two five three one nine three two three one nine zero three four one six eight four six eight nine four three five three zero four seven five seven eight four two one seven eight four eight seven zero one three nine five nine eight seven eight four two four eight two
Case #21: zero six seven eight two five four one four five nine two five nine seven nine five eight two nine five six four five seven nine five one five two zero five two zero seven four three one two three eight four three seven nine three one zero eight four six seven six three two nine eight six nine five nine four five six eight zero nine one five four nine seven nine eight zero eight one zero four nine seven two zero one eight one five nine five six eight one three eight zero two seven zero five nine
Case #22: five seven nine seven eight nine three six seven eight five two seven one three six four two nine four eight two three four eight seven five seven six two four one nine three nine seven one six one five two nine four seven three four five seven eight zero seven eight seven five nine one zero one zero five two nine six zero four seven four three one three eight five nine four zero eight two five zero one two seven two eight nine five zero four nine zero nine one four eight nine zero one zero five two
Case #23: zero two six seven five eight three seven four six eight zero six zero double four three five two nine one zero eight three eight double three one six four one double eight seven five three seven one zero three seven eight six three eight zero nine three five double two nine four two two three six six
Case #24: three four six eight nine four double six zero eight three four zero two six
Case #25: eight two seven five eight five two four double seven four one zero
Case #26: zero seven nine seven eight nine eight zero zero eight six
Case #27: zero seven five zero three six zero four five double one four zero nine six two nine two one eight double six seven eight nine four eight four three two seven five double two five five zero seven nine six eight double two one three eight five three two six three eight four three eight four double seven zero zero nine seven six one zero one seven two one double eight nine one double two six zero eight one two four five three one eight one double five zero five six
Case #28: eight seven four five double four double two six seven six double two six four two six seven two six three two one six seven three zero five zero one seven double zero one seven four eight zero seven four nine five six four one three six eight zero eight double six two seven two zero one four five three five
Case #29: zero five four double nine seven four seven five four five two two nine one four one two zero eight six seven one two four nine five six five
Case #30: eight four three eight two one six three five zero four three
Case #31: seven two double five one seven zero five three nine six four zero eight five eight two one nine five four five double zero five seven three four six double nine five three six three double four three double nine four seven three four seven one five double two four nine six nine one eight six eight one two seven two three four five zero seven nine six two zero five six nine eight
Case #32: two double four one six nine five two nine five three five nine six two eight five three one six four one seven eight five nine double zero three two one seven six seven zero three seven double five eight two zero four two six eight zero four one three zero six four zero six double nine eight nine four zero two three seven two three zero nine one seven nine three nine three seven six four nine two five two two
Case #33: two four eight six three seven two three six five three nine three zero four six nine zero one seven five one two six double eight one seven five two double nine eight seven six three six zero six two five nine three zero double nine seven zero nine eight double seven nine two three nine zero triple seven one eight double nine seven five two three five one eight three two one five four three two four two
Case #34: one eight one three two
Case #35: five nine five one three one two three eight six nine one five six four nine zero double six three two seven one three zero five zero two one triple eight seven three one two six four seven four zero six eight seven double four six seven one two zero five triple one three six three seven zero one six double zero one double two eight six one four six eight two four two seven two nine eight five nine five eight two
Case #36: eight five nine zero nine eight zero double two four one double four double one five six double zero five four one five three two zero nine three four eight nine double five eight seven four eight seven eight zero one nine seven seven double zero five nine two five four double six one double zero double one three eight one four three six five two zero three nine one six double two five two five five seven four zero two eight six zero
Case #37: six double four one six one three one seven zero five seven four double five quadruple four seven five one seven eight one three six eight zero double nine seven three five double zero seven double three six five one three nine six eight five three four
Case #38: nine zero five eight five nine four double zero double nine six nine four nine four five one six nine one eight five three six zero double six five six zero six eight seven four three six eight three six seven four five nine zero six three five zero one five one nine zero four five two one four eight nine six four zero three one three zero one nine eight one double five zero six four three one four six eight double five double one two three two six three four two zero
Case #39: seven two four two five two six nine seven eight double five one four double five three five three nine one eight one three one six seven nine two eight three double one nine four eight one two nine eight zero four five one zero two eight three eight one four one two seven five three six four two zero double five two six four double six double eight seven eight zero three four one three six one nine six three five eight five three five zero one nine two one four
Case #40: zero five two seven nine double one zero seven four nine zero eight two one four eight nine two double three double five nine five one eight three nine eight six nine five zero double seven one eight seven nine two eight one two zero five seven zero four one three double nine one eight four two double eight one eight six three
Case #41: six one six five double two four two nine seven eight three zero three zero nine four three double six nine six one nine eight two four seven zero nine eight six two four three four six seven eight
Case #42: double six zero seven eight zero one two zero one three eight nine six two three two eight two one six seven nine seven one three zero seven one seven one eight four one seven two three nine four three two nine one four five three nine eight four double one two zero two one four six double one double nine four seven five double seven nine zero six five four zero four five six zero one five zero seven nine three nine
Case #43: two zero two six four six four seven two five nine two four nine two four six eight zero six eight two one zero six five two eight six nine two zero one five six five three one four five eight six nine two five two nine three two nine double zero one one double zero eight four zero four three two six four nine three double two six eight zero four four
Case #44: three four nine three nine
Case #45: nine two three five zero eight one double five one zero nine four nine zero four six nine
Case #46: zero one five nine three five zero nine one three five three nine six three six four two six seven nine seven eight nine five six zero three
Case #47: nine eight five three eight five eight two zero four four eight double four two four nine eight two nine one double seven two zero six four one nine six four eight seven zero three seven five three nine seven nine four seven four zero nine eight nine zero one zero one double zero five zero six one three five double eight double five eight zero two five double three four three seven one
Case #48: two one two five seven three eight four three six nine eight six nine two three five six seven zero five double nine seven two eight six five one nine one three one five double eight nine seven three two three four three two six seven five one five three one three two zero zero
Case #49: six two double six seven seven one double zero double four two four zero three two three six two zero three double two one double three five seven eight five eight double seven six three seven six four seven six one
Case #50: two
Case #51: nine two three six seven zero double two double zero five six one zero two seven triple two six four two five zero three five seven one four five five four double nine two seven one four one three double six nine zero eight two seven three six one one double three six three
Case #52: seven zero one three one two six seven one zero five four three five four three one zero two seven eight one seven double two double three zero six five eight three five one eight nine three five six four seven one nine zero seven double five zero six seven nine four zero nine seven three double two five eight nine five three five six one four nine eight two six five three double seven double two
Case #53: double five one zero two seven three eight nine two zero five nine six four nine eight six double three seven five nine double two two six one nine four double six one nine six
Case #54: nine five nine four two seven five four nine nine double zero eight six eight six eight zero four two seven double six five double one zero eight two nine six four four six eight seven five four three four five double six four two seven two
Case #55: eight three four seven four three six four six zero one five nine six eight zero four zero four three one seven six four one seven zero seven four zero zero four five six triple one zero five seven zero eight two one six three two zero five six five seven six one three seven one three six double five six two one two three four double three zero one six
Case #56: double six eight nine two eight seven nine seven five one seven three nine two eight five double eight zero eight one two three zero one two
Case #57: one seven double one seven two four two four seven four six three eight five seven nine five triple three six seven zero five two five nine eight double three nine zero four one seven nine seven nine three six five double one four nine eight five double four eight seven zero six nine five zero four six nine double zero eight zero six one zero seven eight one three six seven
Case #58: zero seven two eight eight triple seven two four two seven double two seven four three five seven double one seven zero six three double eight two seven five double seven two one seven one nine four zero three one three two three seven nine eight zero five seven four eight double four six seven five seven nine double two eight one five zero double eight one five zero four six five eight nine three
Case #59: five six double seven nine seven six five four five six two seven two six nine three seven three eight two three four three seven one three double zero six
Case #60: five four eight double one four double eight six eight zero two nine six one two six four seven one seven four double two six four nine seven double two zero seven eight zero one zero four one eight three nine zero five nine six seven one double three one six zero five zero four two four three one seven seven three double six three seven six eight nine six three
Case #61: eight six eight six double nine two nine zero double nine three nine double one seven six three double five zero eight triple nine three two seven five zero seven five eight five one nine four six eight double five nine zero five one two four seven
Case #62: nine three nine four three six zero triple one zero six seven zero three five zero five two three seven six zero double six double four six nine three six double eight double five one one five double four eight six two double eight double five eight one seven three zero three five seven two one three eight one eight six one six one six nine four one three nine two one three two double nine seven zero two four three two double nine one three zero four two three two zero five zero four one nine eight five
Case #63: zero three nine four seven two eight one five three one zero three five four five six nine double seven eight three zero nine zero six seven five four one five seven four seven one double one nine two six four six nine zero one double five nine four four seven
Case #64: zero five zero
Case #65: one four two six one four five three double seven nine nine three one two seven one
Case #66: six double five zero one seven six three four three six three zero seven three six zero five double three seven four seven zero eight zero nine three two nine two one six seven one seven six nine two zero four zero four double seven nine three zero six eight three four two zero four one double three four seven four double eight zero seven one eight four two zero six seven one zero six zero one
Case #67: seven two one seven zero one five four three four two six seven eight seven zero nine five two zero three five one four triple two seven nine five nine six seven one five seven two double one five seven five three double six zero seven five eight nine seven one six eight seven eight double two seven one triple seven four eight double three two four six nine
Case #68: double three two six seven nine seven four eight five zero eight zero three zero four double one nine four three eight six zero seven four two four eight zero eight one five zero
Case #69: one eight six two nine zero eight seven eight eight four three two nine one two nine four seven one four one two one nine four five nine three nine double four nine zero
Case #70: three two four double three eight four seven nine six two six five seven five zero three four zero one two three eight nine five six three one five six nine one zero three four five three eight three four six five zero two four five four seven one six eight five zero eight six seven five zero eight two eight nine three nine two seven six seven eight nine one four six one eight zero eight two
Case #71: five eight one six two nine three zero nine four one five one five four double three eight three seven nine one five two nine zero two five seven one double three one four nine double five four five four double nine double two four six five nine six zero double eight one four two three four five zero four eight three seven one seven eight six five three four nine four three one six nine nine
Case #72: four double one four seven zero four three double seven five nine double six four six one nine six six
Case #73: three seven two zero five six eight seven five six five nine four two three six zero nine seven one five double eight five nine double two five nine four eight four one zero six nine eight four eight six double three double seven seven one three seven zero two zero eight double one three two three seven nine four three nine one six nine seven five zero four three six seven seven three double four six nine four nine four six
Case #74: zero nine three double zero five two zero one four four three two five one six two double six zero double seven three five three double two three one two four double three nine four five four six five eight three double one five eight two three two double one five zero double eight seven three zero one eight four three four seven nine double three four zero double two
Case #75: seven three four two eight five double four zero two three nine four six zero four double zero nine six zero three double eight two seven four six two five zero nine eight six one
Case #76: zero nine six eight four double two five eight nine four five three three four five eight five one three five zero five nine eight two eight five nine zero one double nine seven nine six double one three zero two seven five six zero double one zero six four five one seven zero
Case #77: one two nine six double two five nine zero five two three seven nine zero double two seven four five four nine eight six seven one eight two six one zero seven five zero five zero four zero nine four seven two nine four three nine six five eight three double two four zero nine double two nine six eight zero seven eight double seven three seven three six seven nine three one double eight six zero six three eight nine six three four eight two six
Case #78: eight three two zero four five zero one five four three six eight nine eight double three triple eight one four zero one four eight one seven four three four two double seven four one four five two double one six seven nine double seven five three five three one six nine one nine four
Case #79: double six zero three five three two nine six five two three one two seven six eight three two three eight five six double four one nine one triple two nine eight five two five zero six five seven one nine two four one nine zero two four double five two zero three six five six double eight nine zero two eight zero seven two seven eight zero four
Case #80: one one
Case #81: nine two five one zero five two four two double eight four six eight double seven one four five zero six double four double seven six five three six eight one seven zero six one zero four double five eight three five four nine three one nine five eight four seven four eight double three eight nine one three seven nine four five nine two six zero
Case #82: zero one eight one double five four four eight six double zero two eight five three one eight
Case #83: two eight double zero four four six zero three six three one nine eight eight three two seven one four nine four double five seven six five three seven nine eight one seven zero two three six eight five nine six eight two five eight one zero two zero two double nine eight double four five zero nine zero nine one zero one zero one five four seven five one nine one zero one eight zero
Case #84: double zero three four six five two eight one three double zero three five eight six one nine two four zero
Case #85: double six seven four nine two seven nine five four zero one five one five zero three two nine double three two five six two three four zero three four five nine two five six one seven triple three seven five six five
Case #86: nine triple six double nine two four one eight seven one eight three seven eight two seven eight two four nine two nine five seven one five two double one one nine eight seven eight seven nine four double zero one three eight seven three eight one two eight four eight seven double eight
Case #87: two three nine two three eight three seven eight three
Case #88: three two seven double four two four six five two zero four three five four seven nine four six four five double nine zero double nine five one four seven four seven one one
Case #89: four
Case #90: two one five zero five two zero four two nine six nine one zero eight seven double zero nine four eight four two zero seven two seven three eight seven four two
Case #91: two nine one nine three eight three one five nine double six one nine two six four double six zero seven six eight eight double five one six three eight seven five seven nine seven two nine zero four seven one two three four one seven one five three nine five zero five five zero one two three nine five three nine one double zero eight five nine zero nine
Case #92: eight four six nine seven eight nine double five zero seven four nine zero seven zero eight three one nine six seven nine
Case #93: four five nine nine double five seven four two seven three nine three four six nine three seven nine five seven four eight seven one five eight six one five nine seven
Case #94: zero five
Case #95: two eight three one nine three zero five one five eight two zero seven two zero one zero two nine eight zero six three five nine five one zero seven five two five eight quadruple four two seven one two nine
Case #96: eight one two zero two one seven six seven eight two three two eight seven one zero two one six three six two six zero three two triple four one two six five four eight seven four
Case #97: six seven zero three nine five seven four nine two seven three eight five double eight triple four zero six three one four three two one two five two zero two nine zero seven eight five double four double six four nine six one nine four five three one seven one four zero five seven
Case #98: nine zero two four five six nine one zero six zero four six four zero nine zero eight three four one zero seven four five two three nine five one five four one eight zero eight six double zero double six two zero four eight one six eight one nine five four two four one seven nine four nine four five four eight nine four
Case #99: four six four one seven five one five double four six eight four eight nine seven four zero four six five six nine zero
Case #100: seven eight five four two nine three zero two zero four six seven two three five two zero one four six seven
