Case #1: one
Case #2: double two
Case #3: triple three
Case #4: quadruple four
Case #5: quintuple five
Case #6: sextuple six
Case #7: septuple seven
Case #8: octuple eight
Case #9: nonuple nine
Case #10: decuple zero
Case #11: one one one one one one one one one one
Case #12: one double one triple one quadruple one
Case #13: two seven eight four six nine two five eight five
Case #14: nine two five eight seven six zero five four nine
Case #15: nine seven five seven two six seven eight one seven
Case #16: seven eight one four seven one nine two zero eight
Case #17: four seven one six seven one four nine five zero
Case #18: four nine seven six five one seven four zero three
Case #19: seven eight six five one four one nine one six
Case #20: nine seven six three zero seven two eight one eight
Case #21: two eight three one seven two eight three six eight
Case #22: one three two four one two seven two one two
Case #23: eight two four eight double four three five
Case #24: zero four eight two eight one
Case #25: six one six seven three zero seven zero
Case #26: double seven eight one one
Case #27: nine zero seven eight zero
Case #28: one nine six eight nine six
Case #29: one four zero nine
Case #30: two
Case #31: seven double six
Case #32: six three
Case #33: seven two eight two five eight two seven
Case #34: one five eight eight
Case #35: six six eight two five one zero one
Case #36: one nine five
Case #37: three seven five
Case #38: two four four double two one three seven double two
Case #39: eight three double one zero double five eight three
Case #40: two one three triple eight three seven
Case #41: five three zero double three zero eight two
Case #42: four
Case #43: seven six five eight
Case #44: zero eight seven nine zero
Case #45: four six five four three double two eight eight two
Case #46: eight double one seven two
Case #47: one five six one eight three seven
Case #48: double five double three
Case #49: two double four nine three seven
Case #50: eight four seven eight one three eight two
Case #51: zero
Case #52: one five six zero nine eight four three four
Case #53: five double zero one three four zero nine double zero
Case #54: eight zero seven five three eight zero
Case #55: eight nine zero nine double five five
Case #56: seven eight two three
Case #57: six four two seven six two
Case #58: double seven zero nine six five
Case #59: five one double six
Case #60: seven one
Case #61: zero one nine six one nine three five seven six
Case #62: one zero double five eight
Case #63: seven four three eight six eight five three
Case #64: six one nine eight
Case #65: nine double four five
Case #66: double five six zero three eight nine two two eight
Case #67: double eight three nine one
Case #68: nine four zero seven four six five zero eight eight
Case #69: zero five two one four eight double nine
Case #70: eight two seven five
Case #71: three two eight two three two seven
Case #72: two six five nine
Case #73: five eight three one double two eight nine eight
Case #74: nine seven two double five three zero five four
Case #75: two zero five zero double eight one
Case #76: one two zero
Case #77: eight three seven one
Case #78: eight double five four double seven
Case #79: four seven four zero
Case #80: seven eight
Case #81: eight four one six eight double five
Case #82: three six nine six
Case #83: triple two four two nine
Case #84: nine two four five six eight seven five four
Case #85: two four zero six six three zero seven six eight
Case #86: seven
Case #87: seven one zero three one eight zero six zero
Case #88: three four nine five eight nine two
Case #89: seven zero six seven nine eight six seven four eight
Case #90: one seven two double eight
Case #91: nine seven eight zero one
Case #92: three
Case #93: nine seven
Case #94: three two three six three nine
Case #95: double two eight
Case #96: eight zero nine eight one seven one two
Case #97: one three five three four five zero
Case #98: eight five
Case #99: nine
Case #100: nine one
